#
# There is insufficient memory for the Java Runtime Environment to continue.
# Native memory allocation (malloc) failed to allocate 32784 bytes. Error detail: Chunk::new
# Possible reasons:
#   The system is out of physical RAM or swap space
#   This process is running with CompressedOops enabled, and the Java Heap may be blocking the growth of the native heap
# Possible solutions:
#   Reduce memory load on the system
#   Increase physical memory or swap space
#   Check if swap backing store is full
#   Decrease Java heap size (-Xmx/-Xms)
#   Decrease number of Java threads
#   Decrease Java thread stack sizes (-Xss)
#   Set larger code cache with -XX:ReservedCodeCacheSize=
#   JVM is running with Unscaled Compressed Oops mode in which the Java heap is
#     placed in the first 4GB address space. The Java Heap base address is the
#     maximum limit for the native heap growth. Please use -XX:HeapBaseMinAddress
#     to set the Java Heap base and to place the Java Heap above 4GB virtual address.
# This output file may be truncated or incomplete.
#
#  Out of Memory Error (arena.cpp:168), pid=17564, tid=5496
#
# JRE version: OpenJDK Runtime Environment Temurin-21.0.6+7 (21.0.6+7) (build 21.0.6+7-LTS)
# Java VM: OpenJDK 64-Bit Server VM Temurin-21.0.6+7 (21.0.6+7-LTS, mixed mode, sharing, tiered, compressed oops, compressed class ptrs, parallel gc, windows-amd64)
# No core dump will be written. Minidumps are not enabled by default on client versions of Windows
#

---------------  S U M M A R Y ------------

Command Line: --add-modules=ALL-SYSTEM --add-opens=java.base/java.util=ALL-UNNAMED --add-opens=java.base/java.lang=ALL-UNNAMED --add-opens=java.base/sun.nio.fs=ALL-UNNAMED -Declipse.application=org.eclipse.jdt.ls.core.id1 -Dosgi.bundles.defaultStartLevel=4 -Declipse.product=org.eclipse.jdt.ls.core.product -Djava.import.generatesMetadataFilesAtProjectRoot=false -DDetectVMInstallationsJob.disabled=true -Dfile.encoding=utf8 -XX:+UseParallelGC -XX:GCTimeRatio=4 -XX:AdaptiveSizePolicyWeight=90 -Dsun.zip.disableMemoryMapping=true -Xmx1G -Xms100m -Xlog:disable -javaagent:c:\Users\João Vitor\.vscode\extensions\redhat.java-1.41.0-win32-x64\lombok\lombok-1.18.36.jar -XX:+HeapDumpOnOutOfMemoryError -XX:HeapDumpPath=c:\Users\João Vitor\AppData\Roaming\Code\User\workspaceStorage\e3bfc9d46755eb8be32a28ee4f6a4ca0\redhat.java -Daether.dependencyCollector.impl=bf c:\Users\João Vitor\.vscode\extensions\redhat.java-1.41.0-win32-x64\server\plugins\org.eclipse.equinox.launcher_1.6.1100.v20250306-0509.jar -configuration c:\Users\João Vitor\AppData\Roaming\Code\User\globalStorage\redhat.java\1.41.0\config_win -data c:\Users\João Vitor\AppData\Roaming\Code\User\workspaceStorage\e3bfc9d46755eb8be32a28ee4f6a4ca0\redhat.java\jdt_ws --pipe=\\.\pipe\lsp-01b3cfca9e2a691559a176d4526fbabf-sock

Host: AMD Ryzen 5 5500U with Radeon Graphics         , 12 cores, 5G,  Windows 10 , 64 bit Build 19041 (10.0.19041.5438)
Time: Sun Mar 30 21:53:11 2025 Hora oficial do Brasil elapsed time: 4.325896 seconds (0d 0h 0m 4s)

---------------  T H R E A D  ---------------

Current thread (0x000002095a9f13b0):  JavaThread "C2 CompilerThread0" daemon [_thread_in_native, id=5496, stack(0x0000004cd8700000,0x0000004cd8800000) (1024K)]


Current CompileTask:
C2:4325 3222       4       java.lang.invoke.MethodType::makeImpl (109 bytes)

Stack: [0x0000004cd8700000,0x0000004cd8800000]
Native frames: (J=compiled Java code, j=interpreted, Vv=VM code, C=native code)
V  [jvm.dll+0x6cdee9]
V  [jvm.dll+0x8a83d1]
V  [jvm.dll+0x8aa8fe]
V  [jvm.dll+0x8aafe3]
V  [jvm.dll+0x27f706]
V  [jvm.dll+0xc500d]
V  [jvm.dll+0xc5543]
V  [jvm.dll+0xd28bd]
V  [jvm.dll+0x5e6b8f]
V  [jvm.dll+0x5e567d]
V  [jvm.dll+0x5e4d8e]
V  [jvm.dll+0x5e4da1]
V  [jvm.dll+0x5e4da1]
V  [jvm.dll+0x5e4da1]
V  [jvm.dll+0x5e4da1]
V  [jvm.dll+0x5e4da1]
V  [jvm.dll+0x5e4da1]
V  [jvm.dll+0x5e4da1]
V  [jvm.dll+0x5e4da1]
V  [jvm.dll+0x5e4da1]
V  [jvm.dll+0x5e4da1]
V  [jvm.dll+0x5e4da1]
V  [jvm.dll+0x5e4da1]
V  [jvm.dll+0x5e4da1]
V  [jvm.dll+0x5e4da1]
V  [jvm.dll+0x5e4da1]
V  [jvm.dll+0x5e4da1]
V  [jvm.dll+0x5e4da1]
V  [jvm.dll+0x5e4da1]
V  [jvm.dll+0x5e4da1]
V  [jvm.dll+0x5e4da1]
V  [jvm.dll+0x5f7195]
V  [jvm.dll+0x250bb2]
V  [jvm.dll+0x24965f]
V  [jvm.dll+0x246ec4]
V  [jvm.dll+0x1c75ee]
V  [jvm.dll+0x25685a]
V  [jvm.dll+0x254dfa]
V  [jvm.dll+0x3f0256]
V  [jvm.dll+0x851f8b]
V  [jvm.dll+0x6cc5ed]
C  [ucrtbase.dll+0x21bb2]
C  [KERNEL32.DLL+0x17374]
C  [ntdll.dll+0x4cc91]


---------------  P R O C E S S  ---------------

Threads class SMR info:
_java_thread_list=0x0000020962845a80, length=21, elements={
0x0000020942337c80, 0x00000209589d3340, 0x00000209589d44a0, 0x00000209589d67c0,
0x00000209589dbaa0, 0x00000209589d99d0, 0x00000209589dad80, 0x000002095a9f13b0,
0x000002095a9f4460, 0x00000209589dc130, 0x00000209589dc7c0, 0x00000209589db410,
0x00000209589d9340, 0x00000209589da6f0, 0x00000209589da060, 0x0000020962a8a830,
0x0000020962a8e340, 0x0000020962a89480, 0x0000020962a8aec0, 0x0000020962a8c900,
0x0000020962a8a1a0
}

Java Threads: ( => current thread )
  0x0000020942337c80 JavaThread "main"                              [_thread_blocked, id=18892, stack(0x0000004cd7d00000,0x0000004cd7e00000) (1024K)]
  0x00000209589d3340 JavaThread "Reference Handler"          daemon [_thread_blocked, id=23724, stack(0x0000004cd8100000,0x0000004cd8200000) (1024K)]
  0x00000209589d44a0 JavaThread "Finalizer"                  daemon [_thread_blocked, id=21860, stack(0x0000004cd8200000,0x0000004cd8300000) (1024K)]
  0x00000209589d67c0 JavaThread "Signal Dispatcher"          daemon [_thread_blocked, id=3860, stack(0x0000004cd8300000,0x0000004cd8400000) (1024K)]
  0x00000209589dbaa0 JavaThread "Attach Listener"            daemon [_thread_blocked, id=23528, stack(0x0000004cd8400000,0x0000004cd8500000) (1024K)]
  0x00000209589d99d0 JavaThread "Service Thread"             daemon [_thread_blocked, id=17096, stack(0x0000004cd8500000,0x0000004cd8600000) (1024K)]
  0x00000209589dad80 JavaThread "Monitor Deflation Thread"   daemon [_thread_blocked, id=26872, stack(0x0000004cd8600000,0x0000004cd8700000) (1024K)]
=>0x000002095a9f13b0 JavaThread "C2 CompilerThread0"         daemon [_thread_in_native, id=5496, stack(0x0000004cd8700000,0x0000004cd8800000) (1024K)]
  0x000002095a9f4460 JavaThread "C1 CompilerThread0"         daemon [_thread_blocked, id=1696, stack(0x0000004cd8800000,0x0000004cd8900000) (1024K)]
  0x00000209589dc130 JavaThread "Common-Cleaner"             daemon [_thread_blocked, id=19572, stack(0x0000004cd8900000,0x0000004cd8a00000) (1024K)]
  0x00000209589dc7c0 JavaThread "Notification Thread"        daemon [_thread_blocked, id=25340, stack(0x0000004cd8a00000,0x0000004cd8b00000) (1024K)]
  0x00000209589db410 JavaThread "Active Thread: Equinox Container: c7fccf34-e10a-44b1-9ec4-6c61796adbd6"        [_thread_blocked, id=7828, stack(0x0000004cd9100000,0x0000004cd9200000) (1024K)]
  0x00000209589d9340 JavaThread "Refresh Thread: Equinox Container: c7fccf34-e10a-44b1-9ec4-6c61796adbd6" daemon [_thread_blocked, id=22620, stack(0x0000004cd9200000,0x0000004cd9300000) (1024K)]
  0x00000209589da6f0 JavaThread "Framework Event Dispatcher: Equinox Container: c7fccf34-e10a-44b1-9ec4-6c61796adbd6" daemon [_thread_blocked, id=21356, stack(0x0000004cd9400000,0x0000004cd9500000) (1024K)]
  0x00000209589da060 JavaThread "Start Level: Equinox Container: c7fccf34-e10a-44b1-9ec4-6c61796adbd6" daemon [_thread_in_Java, id=23088, stack(0x0000004cd9500000,0x0000004cd9600000) (1024K)]
  0x0000020962a8a830 JavaThread "Bundle File Closer"         daemon [_thread_blocked, id=5300, stack(0x0000004cd9600000,0x0000004cd9700000) (1024K)]
  0x0000020962a8e340 JavaThread "SCR Component Actor"        daemon [_thread_blocked, id=26988, stack(0x0000004cd9900000,0x0000004cd9a00000) (1024K)]
  0x0000020962a89480 JavaThread "SCR Component Registry"     daemon [_thread_blocked, id=27204, stack(0x0000004cd9a00000,0x0000004cd9b00000) (1024K)]
  0x0000020962a8aec0 JavaThread "Worker-JM"                         [_thread_blocked, id=2628, stack(0x0000004cd9b00000,0x0000004cd9c00000) (1024K)]
  0x0000020962a8c900 JavaThread "Worker-0: Checking project encoding"        [_thread_blocked, id=17308, stack(0x0000004cd9c00000,0x0000004cd9d00000) (1024K)]
  0x0000020962a8a1a0 JavaThread "Worker-1"                          [_thread_blocked, id=11880, stack(0x0000004cd9d00000,0x0000004cd9e00000) (1024K)]
Total: 21

Other Threads:
  0x00000209589c4b50 VMThread "VM Thread"                           [id=27356, stack(0x0000004cd8000000,0x0000004cd8100000) (1024K)]
  0x00000209446533c0 WatcherThread "VM Periodic Task Thread"        [id=6864, stack(0x0000004cd7f00000,0x0000004cd8000000) (1024K)]
  0x0000020944603bc0 WorkerThread "GC Thread#0"                     [id=25940, stack(0x0000004cd7e00000,0x0000004cd7f00000) (1024K)]
  0x00000209622b98f0 WorkerThread "GC Thread#1"                     [id=13380, stack(0x0000004cd8b00000,0x0000004cd8c00000) (1024K)]
  0x0000020962611ab0 WorkerThread "GC Thread#2"                     [id=6072, stack(0x0000004cd8c00000,0x0000004cd8d00000) (1024K)]
  0x00000209623a3130 WorkerThread "GC Thread#3"                     [id=12104, stack(0x0000004cd8d00000,0x0000004cd8e00000) (1024K)]
  0x00000209623a34d0 WorkerThread "GC Thread#4"                     [id=27572, stack(0x0000004cd8e00000,0x0000004cd8f00000) (1024K)]
  0x00000209623a3870 WorkerThread "GC Thread#5"                     [id=25480, stack(0x0000004cd8f00000,0x0000004cd9000000) (1024K)]
  0x0000020962399520 WorkerThread "GC Thread#6"                     [id=10580, stack(0x0000004cd9000000,0x0000004cd9100000) (1024K)]
  0x000002096273eec0 WorkerThread "GC Thread#7"                     [id=24360, stack(0x0000004cd9300000,0x0000004cd9400000) (1024K)]
  0x00000209627a87a0 WorkerThread "GC Thread#8"                     [id=20888, stack(0x0000004cd9700000,0x0000004cd9800000) (1024K)]
  0x00000209627a8b40 WorkerThread "GC Thread#9"                     [id=24236, stack(0x0000004cd9800000,0x0000004cd9900000) (1024K)]
Total: 12

Threads with active compile tasks:
C2 CompilerThread0  4358 3222       4       java.lang.invoke.MethodType::makeImpl (109 bytes)
Total: 1

VM state: not at safepoint (normal execution)

VM Mutex/Monitor currently owned by a thread: None

Heap address: 0x00000000c0000000, size: 1024 MB, Compressed Oops mode: 32-bit

CDS archive(s) mapped at: [0x0000020900000000-0x0000020900ba0000-0x0000020900ba0000), size 12189696, SharedBaseAddress: 0x0000020900000000, ArchiveRelocationMode: 1.
Compressed class space mapped at: 0x0000020901000000-0x0000020941000000, reserved size: 1073741824
Narrow klass base: 0x0000020900000000, Narrow klass shift: 0, Narrow klass range: 0x100000000

GC Precious Log:
 CardTable entry size: 512
 CPUs: 12 total, 12 available
 Memory: 5989M
 Large Page Support: Disabled
 NUMA Support: Disabled
 Compressed Oops: Enabled (32-bit)
 Alignments: Space 512K, Generation 512K, Heap 2M
 Heap Min Capacity: 100M
 Heap Initial Capacity: 100M
 Heap Max Capacity: 1G
 Pre-touch: Disabled
 Parallel Workers: 10

Heap:
 PSYoungGen      total 29184K, used 9717K [0x00000000eab00000, 0x00000000ece80000, 0x0000000100000000)
  eden space 25088K, 22% used [0x00000000eab00000,0x00000000eb07f298,0x00000000ec380000)
  from space 4096K, 99% used [0x00000000ec400000,0x00000000ec7fe3d0,0x00000000ec800000)
  to   space 5632K, 0% used [0x00000000ec900000,0x00000000ec900000,0x00000000ece80000)
 ParOldGen       total 68608K, used 8115K [0x00000000c0000000, 0x00000000c4300000, 0x00000000eab00000)
  object space 68608K, 11% used [0x00000000c0000000,0x00000000c07ecd48,0x00000000c4300000)
 Metaspace       used 16751K, committed 17408K, reserved 1114112K
  class space    used 1674K, committed 1920K, reserved 1048576K

Card table byte_map: [0x0000020943f90000,0x00000209441a0000] _byte_map_base: 0x0000020943990000

Marking Bits: (ParMarkBitMap*) 0x00007ffb76d73260
 Begin Bits: [0x00000209567e0000, 0x00000209577e0000)
 End Bits:   [0x00000209577e0000, 0x00000209587e0000)

Polling page: 0x0000020942490000

Metaspace:

Usage:
  Non-class:     14.72 MB used.
      Class:      1.64 MB used.
       Both:     16.36 MB used.

Virtual space:
  Non-class space:       64.00 MB reserved,      15.12 MB ( 24%) committed,  1 nodes.
      Class space:        1.00 GB reserved,       1.88 MB ( <1%) committed,  1 nodes.
             Both:        1.06 GB reserved,      17.00 MB (  2%) committed. 

Chunk freelists:
   Non-Class:  612.00 KB
       Class:  14.15 MB
        Both:  14.75 MB

MaxMetaspaceSize: unlimited
CompressedClassSpaceSize: 1.00 GB
Initial GC threshold: 21.00 MB
Current GC threshold: 21.00 MB
CDS: on
 - commit_granule_bytes: 65536.
 - commit_granule_words: 8192.
 - virtual_space_node_default_size: 8388608.
 - enlarge_chunks_in_place: 1.
 - use_allocation_guard: 0.


Internal statistics:

num_allocs_failed_limit: 0.
num_arena_births: 520.
num_arena_deaths: 0.
num_vsnodes_births: 2.
num_vsnodes_deaths: 0.
num_space_committed: 272.
num_space_uncommitted: 0.
num_chunks_returned_to_freelist: 0.
num_chunks_taken_from_freelist: 1100.
num_chunk_merges: 0.
num_chunk_splits: 723.
num_chunks_enlarged: 472.
num_inconsistent_stats: 0.

CodeHeap 'non-profiled nmethods': size=120000Kb used=1334Kb max_used=1334Kb free=118665Kb
 bounds [0x000002094f2b0000, 0x000002094f520000, 0x00000209567e0000]
CodeHeap 'profiled nmethods': size=120000Kb used=6707Kb max_used=6707Kb free=113292Kb
 bounds [0x00000209477e0000, 0x0000020947e70000, 0x000002094ed10000]
CodeHeap 'non-nmethods': size=5760Kb used=1270Kb max_used=1282Kb free=4489Kb
 bounds [0x000002094ed10000, 0x000002094ef80000, 0x000002094f2b0000]
 total_blobs=3918 nmethods=3374 adapters=450
 compilation: enabled
              stopped_count=0, restarted_count=0
 full_count=0

Compilation events (20 events):
Event: 4.314 Thread 0x000002095a9f4460 3321       3       sun.security.provider.DigestBase::engineDigest (112 bytes)
Event: 4.315 Thread 0x000002095a9f4460 nmethod 3321 0x0000020947e4ea10 code [0x0000020947e4ece0, 0x0000020947e4f8e8]
Event: 4.315 Thread 0x000002095a9f4460 3322       3       sun.security.provider.SHA2::implDigest (98 bytes)
Event: 4.316 Thread 0x000002095a9f4460 nmethod 3322 0x0000020947e4fd90 code [0x0000020947e500a0, 0x0000020947e511e0]
Event: 4.319 Thread 0x000002095a9f4460 3325       3       java.util.concurrent.ConcurrentHashMap::sumCount (60 bytes)
Event: 4.319 Thread 0x000002095a9f4460 nmethod 3325 0x0000020947e51890 code [0x0000020947e51a40, 0x0000020947e51c88]
Event: 4.319 Thread 0x000002095a9f4460 3326       1       org.eclipse.osgi.container.ModuleCapability::getResource (5 bytes)
Event: 4.319 Thread 0x000002095a9f4460 nmethod 3326 0x000002094f3fba90 code [0x000002094f3fbc20, 0x000002094f3fbce8]
Event: 4.319 Thread 0x000002095a9f4460 3327       3       java.net.URL::getDefaultPort (8 bytes)
Event: 4.319 Thread 0x000002095a9f4460 nmethod 3327 0x0000020947e51d90 code [0x0000020947e51f40, 0x0000020947e52118]
Event: 4.320 Thread 0x000002095a9f4460 3328       1       org.eclipse.osgi.container.ModuleWire::getProvider (5 bytes)
Event: 4.320 Thread 0x000002095a9f4460 nmethod 3328 0x000002094f3fbd90 code [0x000002094f3fbf20, 0x000002094f3fbfe8]
Event: 4.320 Thread 0x000002095a9f4460 3329       1       org.eclipse.osgi.container.ModuleRequirement::getResource (5 bytes)
Event: 4.320 Thread 0x000002095a9f4460 nmethod 3329 0x000002094f3fc090 code [0x000002094f3fc220, 0x000002094f3fc2e8]
Event: 4.320 Thread 0x000002095a9f4460 3330       1       org.eclipse.osgi.container.ModuleWire::getRequirer (5 bytes)
Event: 4.320 Thread 0x000002095a9f4460 nmethod 3330 0x000002094f3fc390 code [0x000002094f3fc520, 0x000002094f3fc5e8]
Event: 4.320 Thread 0x000002095a9f4460 3332       3       org.eclipse.osgi.container.ModuleCapability::getResource (5 bytes)
Event: 4.320 Thread 0x000002095a9f4460 nmethod 3332 0x0000020947e52210 code [0x0000020947e523a0, 0x0000020947e524c0]
Event: 4.323 Thread 0x000002095a9f4460 3333       3       java.util.Base64$Decoder::decode (35 bytes)
Event: 4.323 Thread 0x000002095a9f4460 nmethod 3333 0x0000020947e52590 code [0x0000020947e52760, 0x0000020947e52a50]

GC Heap History (10 events):
Event: 0.867 GC heap before
{Heap before GC invocations=1 (full 0):
 PSYoungGen      total 29696K, used 25600K [0x00000000eab00000, 0x00000000ecc00000, 0x0000000100000000)
  eden space 25600K, 100% used [0x00000000eab00000,0x00000000ec400000,0x00000000ec400000)
  from space 4096K, 0% used [0x00000000ec800000,0x00000000ec800000,0x00000000ecc00000)
  to   space 4096K, 0% used [0x00000000ec400000,0x00000000ec400000,0x00000000ec800000)
 ParOldGen       total 68608K, used 0K [0x00000000c0000000, 0x00000000c4300000, 0x00000000eab00000)
  object space 68608K, 0% used [0x00000000c0000000,0x00000000c0000000,0x00000000c4300000)
 Metaspace       used 4497K, committed 4736K, reserved 1114112K
  class space    used 452K, committed 576K, reserved 1048576K
}
Event: 0.876 GC heap after
{Heap after GC invocations=1 (full 0):
 PSYoungGen      total 29696K, used 3190K [0x00000000eab00000, 0x00000000ecc00000, 0x0000000100000000)
  eden space 25600K, 0% used [0x00000000eab00000,0x00000000eab00000,0x00000000ec400000)
  from space 4096K, 77% used [0x00000000ec400000,0x00000000ec71d800,0x00000000ec800000)
  to   space 4096K, 0% used [0x00000000ec800000,0x00000000ec800000,0x00000000ecc00000)
 ParOldGen       total 68608K, used 16K [0x00000000c0000000, 0x00000000c4300000, 0x00000000eab00000)
  object space 68608K, 0% used [0x00000000c0000000,0x00000000c0004000,0x00000000c4300000)
 Metaspace       used 4497K, committed 4736K, reserved 1114112K
  class space    used 452K, committed 576K, reserved 1048576K
}
Event: 2.056 GC heap before
{Heap before GC invocations=2 (full 0):
 PSYoungGen      total 29696K, used 28790K [0x00000000eab00000, 0x00000000ecc00000, 0x0000000100000000)
  eden space 25600K, 100% used [0x00000000eab00000,0x00000000ec400000,0x00000000ec400000)
  from space 4096K, 77% used [0x00000000ec400000,0x00000000ec71d800,0x00000000ec800000)
  to   space 4096K, 0% used [0x00000000ec800000,0x00000000ec800000,0x00000000ecc00000)
 ParOldGen       total 68608K, used 16K [0x00000000c0000000, 0x00000000c4300000, 0x00000000eab00000)
  object space 68608K, 0% used [0x00000000c0000000,0x00000000c0004000,0x00000000c4300000)
 Metaspace       used 8064K, committed 8320K, reserved 1114112K
  class space    used 791K, committed 896K, reserved 1048576K
}
Event: 2.065 GC heap after
{Heap after GC invocations=2 (full 0):
 PSYoungGen      total 29696K, used 4085K [0x00000000eab00000, 0x00000000ecc00000, 0x0000000100000000)
  eden space 25600K, 0% used [0x00000000eab00000,0x00000000eab00000,0x00000000ec400000)
  from space 4096K, 99% used [0x00000000ec800000,0x00000000ecbfd7e0,0x00000000ecc00000)
  to   space 4096K, 0% used [0x00000000ec400000,0x00000000ec400000,0x00000000ec800000)
 ParOldGen       total 68608K, used 1664K [0x00000000c0000000, 0x00000000c4300000, 0x00000000eab00000)
  object space 68608K, 2% used [0x00000000c0000000,0x00000000c01a03a8,0x00000000c4300000)
 Metaspace       used 8064K, committed 8320K, reserved 1114112K
  class space    used 791K, committed 896K, reserved 1048576K
}
Event: 2.680 GC heap before
{Heap before GC invocations=3 (full 0):
 PSYoungGen      total 29696K, used 29685K [0x00000000eab00000, 0x00000000ecc00000, 0x0000000100000000)
  eden space 25600K, 100% used [0x00000000eab00000,0x00000000ec400000,0x00000000ec400000)
  from space 4096K, 99% used [0x00000000ec800000,0x00000000ecbfd7e0,0x00000000ecc00000)
  to   space 4096K, 0% used [0x00000000ec400000,0x00000000ec400000,0x00000000ec800000)
 ParOldGen       total 68608K, used 1664K [0x00000000c0000000, 0x00000000c4300000, 0x00000000eab00000)
  object space 68608K, 2% used [0x00000000c0000000,0x00000000c01a03a8,0x00000000c4300000)
 Metaspace       used 9272K, committed 9664K, reserved 1114112K
  class space    used 930K, committed 1088K, reserved 1048576K
}
Event: 2.687 GC heap after
{Heap after GC invocations=3 (full 0):
 PSYoungGen      total 29696K, used 4076K [0x00000000eab00000, 0x00000000ecc00000, 0x0000000100000000)
  eden space 25600K, 0% used [0x00000000eab00000,0x00000000eab00000,0x00000000ec400000)
  from space 4096K, 99% used [0x00000000ec400000,0x00000000ec7fb328,0x00000000ec800000)
  to   space 4096K, 0% used [0x00000000ec800000,0x00000000ec800000,0x00000000ecc00000)
 ParOldGen       total 68608K, used 5718K [0x00000000c0000000, 0x00000000c4300000, 0x00000000eab00000)
  object space 68608K, 8% used [0x00000000c0000000,0x00000000c05959b8,0x00000000c4300000)
 Metaspace       used 9272K, committed 9664K, reserved 1114112K
  class space    used 930K, committed 1088K, reserved 1048576K
}
Event: 3.545 GC heap before
{Heap before GC invocations=4 (full 0):
 PSYoungGen      total 29696K, used 29676K [0x00000000eab00000, 0x00000000ecc00000, 0x0000000100000000)
  eden space 25600K, 100% used [0x00000000eab00000,0x00000000ec400000,0x00000000ec400000)
  from space 4096K, 99% used [0x00000000ec400000,0x00000000ec7fb328,0x00000000ec800000)
  to   space 4096K, 0% used [0x00000000ec800000,0x00000000ec800000,0x00000000ecc00000)
 ParOldGen       total 68608K, used 5718K [0x00000000c0000000, 0x00000000c4300000, 0x00000000eab00000)
  object space 68608K, 8% used [0x00000000c0000000,0x00000000c05959b8,0x00000000c4300000)
 Metaspace       used 12519K, committed 12928K, reserved 1114112K
  class space    used 1243K, committed 1408K, reserved 1048576K
}
Event: 3.550 GC heap after
{Heap after GC invocations=4 (full 0):
 PSYoungGen      total 29696K, used 4086K [0x00000000eab00000, 0x00000000ecc00000, 0x0000000100000000)
  eden space 25600K, 0% used [0x00000000eab00000,0x00000000eab00000,0x00000000ec400000)
  from space 4096K, 99% used [0x00000000ec800000,0x00000000ecbfd980,0x00000000ecc00000)
  to   space 4096K, 0% used [0x00000000ec400000,0x00000000ec400000,0x00000000ec800000)
 ParOldGen       total 68608K, used 6759K [0x00000000c0000000, 0x00000000c4300000, 0x00000000eab00000)
  object space 68608K, 9% used [0x00000000c0000000,0x00000000c0699cd0,0x00000000c4300000)
 Metaspace       used 12519K, committed 12928K, reserved 1114112K
  class space    used 1243K, committed 1408K, reserved 1048576K
}
Event: 4.249 GC heap before
{Heap before GC invocations=5 (full 0):
 PSYoungGen      total 29696K, used 29686K [0x00000000eab00000, 0x00000000ecc00000, 0x0000000100000000)
  eden space 25600K, 100% used [0x00000000eab00000,0x00000000ec400000,0x00000000ec400000)
  from space 4096K, 99% used [0x00000000ec800000,0x00000000ecbfd980,0x00000000ecc00000)
  to   space 4096K, 0% used [0x00000000ec400000,0x00000000ec400000,0x00000000ec800000)
 ParOldGen       total 68608K, used 6759K [0x00000000c0000000, 0x00000000c4300000, 0x00000000eab00000)
  object space 68608K, 9% used [0x00000000c0000000,0x00000000c0699cd0,0x00000000c4300000)
 Metaspace       used 16338K, committed 17024K, reserved 1114112K
  class space    used 1628K, committed 1920K, reserved 1048576K
}
Event: 4.253 GC heap after
{Heap after GC invocations=5 (full 0):
 PSYoungGen      total 29184K, used 4088K [0x00000000eab00000, 0x00000000ece80000, 0x0000000100000000)
  eden space 25088K, 0% used [0x00000000eab00000,0x00000000eab00000,0x00000000ec380000)
  from space 4096K, 99% used [0x00000000ec400000,0x00000000ec7fe3d0,0x00000000ec800000)
  to   space 5632K, 0% used [0x00000000ec900000,0x00000000ec900000,0x00000000ece80000)
 ParOldGen       total 68608K, used 8115K [0x00000000c0000000, 0x00000000c4300000, 0x00000000eab00000)
  object space 68608K, 11% used [0x00000000c0000000,0x00000000c07ecd48,0x00000000c4300000)
 Metaspace       used 16338K, committed 17024K, reserved 1114112K
  class space    used 1628K, committed 1920K, reserved 1048576K
}

Dll operation events (9 events):
Event: 0.011 Loaded shared library c:\Users\João Vitor\.vscode\extensions\redhat.java-1.41.0-win32-x64\jre\21.0.6-win32-x86_64\bin\java.dll
Event: 0.076 Loaded shared library c:\Users\João Vitor\.vscode\extensions\redhat.java-1.41.0-win32-x64\jre\21.0.6-win32-x86_64\bin\zip.dll
Event: 0.097 Loaded shared library C:\Users\João Vitor\.vscode\extensions\redhat.java-1.41.0-win32-x64\jre\21.0.6-win32-x86_64\bin\instrument.dll
Event: 0.103 Loaded shared library C:\Users\João Vitor\.vscode\extensions\redhat.java-1.41.0-win32-x64\jre\21.0.6-win32-x86_64\bin\net.dll
Event: 0.106 Loaded shared library C:\Users\João Vitor\.vscode\extensions\redhat.java-1.41.0-win32-x64\jre\21.0.6-win32-x86_64\bin\nio.dll
Event: 0.110 Loaded shared library C:\Users\João Vitor\.vscode\extensions\redhat.java-1.41.0-win32-x64\jre\21.0.6-win32-x86_64\bin\zip.dll
Event: 0.129 Loaded shared library C:\Users\João Vitor\.vscode\extensions\redhat.java-1.41.0-win32-x64\jre\21.0.6-win32-x86_64\bin\jimage.dll
Event: 0.248 Loaded shared library c:\Users\João Vitor\.vscode\extensions\redhat.java-1.41.0-win32-x64\jre\21.0.6-win32-x86_64\bin\verify.dll
Event: 2.030 Loaded shared library C:\Users\João Vitor\AppData\Roaming\Code\User\globalStorage\redhat.java\1.41.0\config_win\org.eclipse.equinox.launcher\org.eclipse.equinox.launcher.win32.win32.x86_64_1.2.1300.v20250325-0811\eclipse_11911.dll

Deoptimization events (20 events):
Event: 3.551 Thread 0x00000209589da060 DEOPT PACKING pc=0x000002094f3ac590 sp=0x0000004cd95fb700
Event: 3.551 Thread 0x00000209589da060 DEOPT UNPACKING pc=0x000002094ed63aa2 sp=0x0000004cd95fb688 mode 2
Event: 3.616 Thread 0x00000209589da060 Uncommon trap: trap_request=0xffffff45 fr.pc=0x000002094f3be9e4 relative=0x0000000000000464
Event: 3.616 Thread 0x00000209589da060 Uncommon trap: reason=unstable_if action=reinterpret pc=0x000002094f3be9e4 method=com.sun.org.apache.xerces.internal.impl.XMLEntityScanner.scanLiteral(ILcom/sun/org/apache/xerces/internal/xni/XMLString;Z)I @ 299 c2
Event: 3.616 Thread 0x00000209589da060 DEOPT PACKING pc=0x000002094f3be9e4 sp=0x0000004cd95fd600
Event: 3.616 Thread 0x00000209589da060 DEOPT UNPACKING pc=0x000002094ed63aa2 sp=0x0000004cd95fd590 mode 2
Event: 3.809 Thread 0x00000209589da060 DEOPT PACKING pc=0x0000020947b878b5 sp=0x0000004cd95f3370
Event: 3.809 Thread 0x00000209589da060 DEOPT UNPACKING pc=0x000002094ed64242 sp=0x0000004cd95f2880 mode 0
Event: 3.873 Thread 0x00000209589da060 Uncommon trap: trap_request=0xffffff45 fr.pc=0x000002094f306cb8 relative=0x0000000000000f18
Event: 3.873 Thread 0x00000209589da060 Uncommon trap: reason=unstable_if action=reinterpret pc=0x000002094f306cb8 method=lombok.patcher.PatchScript.classMatches(Ljava/lang/String;Ljava/util/Collection;)Z @ 25 c2
Event: 3.873 Thread 0x00000209589da060 DEOPT PACKING pc=0x000002094f306cb8 sp=0x0000004cd95f6ab0
Event: 3.873 Thread 0x00000209589da060 DEOPT UNPACKING pc=0x000002094ed63aa2 sp=0x0000004cd95f6a70 mode 2
Event: 4.150 Thread 0x00000209589da060 Uncommon trap: trap_request=0xffffff45 fr.pc=0x000002094f3e26a4 relative=0x0000000000000084
Event: 4.150 Thread 0x00000209589da060 Uncommon trap: reason=unstable_if action=reinterpret pc=0x000002094f3e26a4 method=java.lang.ref.SoftReference.get()Ljava/lang/Object; @ 6 c2
Event: 4.150 Thread 0x00000209589da060 DEOPT PACKING pc=0x000002094f3e26a4 sp=0x0000004cd95f9580
Event: 4.150 Thread 0x00000209589da060 DEOPT UNPACKING pc=0x000002094ed63aa2 sp=0x0000004cd95f9518 mode 2
Event: 4.173 Thread 0x0000020962a8c900 Uncommon trap: trap_request=0xffffff45 fr.pc=0x000002094f389d60 relative=0x00000000000000c0
Event: 4.173 Thread 0x0000020962a8c900 Uncommon trap: reason=unstable_if action=reinterpret pc=0x000002094f389d60 method=java.util.concurrent.locks.ReentrantLock$NonfairSync.initialTryLock()Z @ 25 c2
Event: 4.173 Thread 0x0000020962a8c900 DEOPT PACKING pc=0x000002094f389d60 sp=0x0000004cd9cfdd90
Event: 4.173 Thread 0x0000020962a8c900 DEOPT UNPACKING pc=0x000002094ed63aa2 sp=0x0000004cd9cfdd10 mode 2

Classes loaded (20 events):
Event: 4.142 Loading class java/util/function/LongUnaryOperator
Event: 4.142 Loading class java/util/function/LongUnaryOperator done
Event: 4.142 Loading class java/lang/ThreadDeath
Event: 4.142 Loading class java/lang/ThreadDeath done
Event: 4.154 Loading class java/util/stream/SortedOps$SizedRefSortingSink
Event: 4.155 Loading class java/util/stream/SortedOps$SizedRefSortingSink done
Event: 4.187 Loading class java/util/concurrent/atomic/Striped64$1
Event: 4.187 Loading class java/util/concurrent/atomic/Striped64$1 done
Event: 4.254 Loading class java/util/BitSet
Event: 4.254 Loading class java/util/BitSet done
Event: 4.261 Loading class sun/net/www/protocol/jrt/JavaRuntimeURLConnection
Event: 4.261 Loading class sun/net/www/protocol/jrt/JavaRuntimeURLConnection done
Event: 4.262 Loading class sun/net/www/protocol/jrt/JavaRuntimeURLConnection$1
Event: 4.262 Loading class sun/net/www/protocol/jrt/JavaRuntimeURLConnection$1 done
Event: 4.281 Loading class java/util/function/UnaryOperator
Event: 4.282 Loading class java/util/function/UnaryOperator done
Event: 4.283 Loading class java/util/ServiceConfigurationError
Event: 4.284 Loading class java/util/ServiceConfigurationError done
Event: 4.296 Loading class java/lang/InheritableThreadLocal
Event: 4.296 Loading class java/lang/InheritableThreadLocal done

Classes unloaded (0 events):
No events

Classes redefined (0 events):
No events

Internal exceptions (20 events):
Event: 3.564 Thread 0x00000209589da060 Exception <a 'java/io/FileNotFoundException'{0x00000000eab45f98}> (0x00000000eab45f98) 
thrown [s\src\hotspot\share\prims\jni.cpp, line 520]
Event: 3.739 Thread 0x00000209589da060 Exception <a 'java/lang/NoSuchMethodError'{0x00000000eb044360}: 'java.lang.Object java.lang.invoke.Invokers$Holder.linkToTargetMethod(java.lang.Object, long, java.lang.Object)'> (0x00000000eb044360) 
thrown [s\src\hotspot\share\interpreter\linkResolver.cpp, line 773]
Event: 3.788 Thread 0x00000209589da060 Exception <a 'java/lang/NoSuchMethodError'{0x00000000eb3506d8}: 'void java.lang.invoke.DirectMethodHandle$Holder.invokeInterface(java.lang.Object, java.lang.Object, java.lang.Object)'> (0x00000000eb3506d8) 
thrown [s\src\hotspot\share\interpreter\linkResolver.cpp, line 773]
Event: 3.893 Thread 0x00000209589da060 Exception <a 'java/lang/NoSuchMethodError'{0x00000000eb832560}: 'java.lang.Object java.lang.invoke.DirectMethodHandle$Holder.invokeVirtual(java.lang.Object, java.lang.Object, java.lang.Object)'> (0x00000000eb832560) 
thrown [s\src\hotspot\share\interpreter\linkResolver.cpp, line 773]
Event: 3.898 Thread 0x00000209589da060 Exception <a 'java/lang/NoSuchMethodError'{0x00000000eb84a308}: 'java.lang.Object java.lang.invoke.DelegatingMethodHandle$Holder.reinvoke_L(java.lang.Object, java.lang.Object, java.lang.Object, java.lang.Object, int, int)'> (0x00000000eb84a308) 
thrown [s\src\hotspot\share\interpreter\linkResolver.cpp, line 773]
Event: 3.901 Thread 0x00000209589da060 Exception <a 'java/lang/NoSuchMethodError'{0x00000000eb866f70}: 'java.lang.Object java.lang.invoke.DirectMethodHandle$Holder.newInvokeSpecial(java.lang.Object, java.lang.Object, java.lang.Object, java.lang.Object, java.lang.Object, java.lang.Object)'> (0x00000000eb866f70) 
thrown [s\src\hotspot\share\interpreter\linkResolver.cpp, line 773]
Event: 3.904 Thread 0x00000209589da060 Exception <a 'java/lang/NoSuchMethodError'{0x00000000eb893270}: 'void java.lang.invoke.Invokers$Holder.invokeExact_MT(java.lang.Object, java.lang.Object, java.lang.Object, java.lang.Object)'> (0x00000000eb893270) 
thrown [s\src\hotspot\share\interpreter\linkResolver.cpp, line 773]
Event: 3.984 Thread 0x00000209589da060 Exception <a 'java/io/FileNotFoundException'{0x00000000eb9f2990}> (0x00000000eb9f2990) 
thrown [s\src\hotspot\share\prims\jni.cpp, line 520]
Event: 3.985 Thread 0x00000209589da060 Exception <a 'java/io/FileNotFoundException'{0x00000000eb9fa348}> (0x00000000eb9fa348) 
thrown [s\src\hotspot\share\prims\jni.cpp, line 520]
Event: 4.120 Thread 0x00000209589da060 Exception <a 'java/lang/NoSuchMethodError'{0x00000000ebdee788}: 'java.lang.Object java.lang.invoke.DirectMethodHandle$Holder.newInvokeSpecial(java.lang.Object, java.lang.Object, java.lang.Object, java.lang.Object, java.lang.Object)'> (0x00000000ebdee788) 
thrown [s\src\hotspot\share\interpreter\linkResolver.cpp, line 773]
Event: 4.138 Thread 0x00000209589da060 Exception <a 'java/lang/NoSuchMethodError'{0x00000000ebee9268}: 'java.lang.Object java.lang.invoke.DirectMethodHandle$Holder.invokeSpecial(java.lang.Object, java.lang.Object, java.lang.Object, long, java.lang.Object)'> (0x00000000ebee9268) 
thrown [s\src\hotspot\share\interpreter\linkResolver.cpp, line 773]
Event: 4.140 Thread 0x00000209589da060 Exception <a 'java/lang/NoSuchMethodError'{0x00000000ebef09f8}: 'java.lang.Object java.lang.invoke.DirectMethodHandle$Holder.newInvokeSpecial(java.lang.Object, java.lang.Object, java.lang.Object, long)'> (0x00000000ebef09f8) 
thrown [s\src\hotspot\share\interpreter\linkResolver.cpp, line 773]
Event: 4.140 Thread 0x00000209589da060 Exception <a 'java/lang/NoSuchMethodError'{0x00000000ebef4678}: 'java.lang.Object java.lang.invoke.Invokers$Holder.linkToTargetMethod(java.lang.Object, java.lang.Object, long, java.lang.Object)'> (0x00000000ebef4678) 
thrown [s\src\hotspot\share\interpreter\linkResolver.cpp, line 773]
Event: 4.152 Thread 0x00000209589da060 Exception <a 'java/lang/NoSuchMethodError'{0x00000000ebf71458}: 'int java.lang.invoke.DirectMethodHandle$Holder.invokeStaticInit(java.lang.Object, java.lang.Object, java.lang.Object)'> (0x00000000ebf71458) 
thrown [s\src\hotspot\share\interpreter\linkResolver.cpp, line 773]
Event: 4.167 Thread 0x00000209589da060 Exception <a 'java/lang/IncompatibleClassChangeError'{0x00000000ec01c7b8}: Found class java.lang.Object, but interface was expected> (0x00000000ec01c7b8) 
thrown [s\src\hotspot\share\interpreter\linkResolver.cpp, line 840]
Event: 4.168 Thread 0x00000209589da060 Exception <a 'java/lang/NoSuchMethodError'{0x00000000ec020110}: 'java.lang.Object java.lang.invoke.DirectMethodHandle$Holder.invokeSpecial(java.lang.Object, java.lang.Object, java.lang.Object, int, java.lang.Object, java.lang.Object)'> (0x00000000ec020110) 
thrown [s\src\hotspot\share\interpreter\linkResolver.cpp, line 773]
Event: 4.169 Thread 0x00000209589da060 Exception <a 'java/lang/NoSuchMethodError'{0x00000000ec0279a8}: 'java.lang.Object java.lang.invoke.DirectMethodHandle$Holder.newInvokeSpecial(java.lang.Object, java.lang.Object, java.lang.Object, int, java.lang.Object)'> (0x00000000ec0279a8) 
thrown [s\src\hotspot\share\interpreter\linkResolver.cpp, line 773]
Event: 4.170 Thread 0x00000209589da060 Exception <a 'java/lang/NoSuchMethodError'{0x00000000ec02b498}: 'java.lang.Object java.lang.invoke.Invokers$Holder.linkToTargetMethod(java.lang.Object, java.lang.Object, int, java.lang.Object, java.lang.Object)'> (0x00000000ec02b498) 
thrown [s\src\hotspot\share\interpreter\linkResolver.cpp, line 773]
Event: 4.171 Thread 0x0000020962a8c900 Exception <a 'java/lang/NoSuchMethodError'{0x00000000ebf3b850}: 'java.lang.Object java.lang.invoke.DirectMethodHandle$Holder.invokeSpecial(java.lang.Object, java.lang.Object, int, java.lang.Object, java.lang.Object)'> (0x00000000ebf3b850) 
thrown [s\src\hotspot\share\interpreter\linkResolver.cpp, line 773]
Event: 4.191 Thread 0x00000209589da060 Exception <a 'java/lang/NoSuchMethodError'{0x00000000ec14b738}: 'void java.lang.invoke.DirectMethodHandle$Holder.invokeSpecial(java.lang.Object, java.lang.Object, java.lang.Object, java.lang.Object, java.lang.Object)'> (0x00000000ec14b738) 
thrown [s\src\hotspot\share\interpreter\linkResolver.cpp, line 773]

ZGC Phase Switch (0 events):
No events

VM Operations (20 events):
Event: 2.680 Executing VM operation: ParallelGCFailedAllocation (Allocation Failure)
Event: 2.687 Executing VM operation: ParallelGCFailedAllocation (Allocation Failure) done
Event: 2.959 Executing VM operation: HandshakeAllThreads (Deoptimize)
Event: 2.959 Executing VM operation: HandshakeAllThreads (Deoptimize) done
Event: 3.050 Executing VM operation: HandshakeAllThreads (Deoptimize)
Event: 3.050 Executing VM operation: HandshakeAllThreads (Deoptimize) done
Event: 3.545 Executing VM operation: ParallelGCFailedAllocation (Allocation Failure)
Event: 3.550 Executing VM operation: ParallelGCFailedAllocation (Allocation Failure) done
Event: 4.021 Executing VM operation: HandshakeAllThreads (Deoptimize)
Event: 4.021 Executing VM operation: HandshakeAllThreads (Deoptimize) done
Event: 4.184 Executing VM operation: ICBufferFull
Event: 4.184 Executing VM operation: ICBufferFull done
Event: 4.249 Executing VM operation: ParallelGCFailedAllocation (Allocation Failure)
Event: 4.253 Executing VM operation: ParallelGCFailedAllocation (Allocation Failure) done
Event: 4.262 Executing VM operation: HandshakeAllThreads (Deoptimize)
Event: 4.263 Executing VM operation: HandshakeAllThreads (Deoptimize) done
Event: 4.302 Executing VM operation: HandshakeAllThreads (Deoptimize)
Event: 4.302 Executing VM operation: HandshakeAllThreads (Deoptimize) done
Event: 4.311 Executing VM operation: HandshakeAllThreads (Deoptimize)
Event: 4.311 Executing VM operation: HandshakeAllThreads (Deoptimize) done

Memory protections (0 events):
No events

Nmethod flushes (0 events):
No events

Events (20 events):
Event: 0.042 Thread 0x0000020942337c80 Thread added: 0x00000209589d3340
Event: 0.042 Thread 0x0000020942337c80 Thread added: 0x00000209589d44a0
Event: 0.042 Thread 0x0000020942337c80 Thread added: 0x00000209589d67c0
Event: 0.042 Thread 0x0000020942337c80 Thread added: 0x00000209589dbaa0
Event: 0.042 Thread 0x0000020942337c80 Thread added: 0x00000209589d99d0
Event: 0.042 Thread 0x0000020942337c80 Thread added: 0x00000209589dad80
Event: 0.042 Thread 0x0000020942337c80 Thread added: 0x000002095a9f13b0
Event: 0.042 Thread 0x0000020942337c80 Thread added: 0x000002095a9f4460
Event: 0.064 Thread 0x0000020942337c80 Thread added: 0x00000209589dc130
Event: 0.363 Thread 0x0000020942337c80 Thread added: 0x00000209589dc7c0
Event: 1.745 Thread 0x0000020942337c80 Thread added: 0x00000209589db410
Event: 2.019 Thread 0x0000020942337c80 Thread added: 0x00000209589d9340
Event: 2.073 Thread 0x00000209589d9340 Thread added: 0x00000209589da6f0
Event: 2.078 Thread 0x0000020942337c80 Thread added: 0x00000209589da060
Event: 2.539 Thread 0x00000209589da060 Thread added: 0x0000020962a8a830
Event: 2.928 Thread 0x00000209589da060 Thread added: 0x0000020962a8e340
Event: 3.036 Thread 0x00000209589da060 Thread added: 0x0000020962a89480
Event: 3.799 Thread 0x00000209589da060 Thread added: 0x0000020962a8aec0
Event: 4.146 Thread 0x00000209589da060 Thread added: 0x0000020962a8c900
Event: 4.172 Thread 0x00000209589da060 Thread added: 0x0000020962a8a1a0


Dynamic libraries:
0x00007ff688680000 - 0x00007ff68868e000 	c:\Users\João Vitor\.vscode\extensions\redhat.java-1.41.0-win32-x64\jre\21.0.6-win32-x86_64\bin\java.exe
0x00007ffc128b0000 - 0x00007ffc12aa8000 	C:\Windows\SYSTEM32\ntdll.dll
0x00007ffc12490000 - 0x00007ffc12552000 	C:\Windows\System32\KERNEL32.DLL
0x00007ffc10160000 - 0x00007ffc1045f000 	C:\Windows\System32\KERNELBASE.dll
0x00007ffc10060000 - 0x00007ffc10160000 	C:\Windows\System32\ucrtbase.dll
0x00007ffbf5a50000 - 0x00007ffbf5a6e000 	c:\Users\João Vitor\.vscode\extensions\redhat.java-1.41.0-win32-x64\jre\21.0.6-win32-x86_64\bin\VCRUNTIME140.dll
0x00007ffbf5a70000 - 0x00007ffbf5a88000 	c:\Users\João Vitor\.vscode\extensions\redhat.java-1.41.0-win32-x64\jre\21.0.6-win32-x86_64\bin\jli.dll
0x00007ffc10990000 - 0x00007ffc10b2d000 	C:\Windows\System32\USER32.dll
0x00007ffbfd740000 - 0x00007ffbfd9da000 	C:\Windows\WinSxS\amd64_microsoft.windows.common-controls_6595b64144ccf1df_6.0.19041.4355_none_60b8b9eb71f62e16\COMCTL32.dll
0x00007ffc0ff80000 - 0x00007ffc0ffa2000 	C:\Windows\System32\win32u.dll
0x00007ffc10fb0000 - 0x00007ffc1104e000 	C:\Windows\System32\msvcrt.dll
0x00007ffc11e10000 - 0x00007ffc11e3b000 	C:\Windows\System32\GDI32.dll
0x00007ffc10610000 - 0x00007ffc1072a000 	C:\Windows\System32\gdi32full.dll
0x00007ffc10730000 - 0x00007ffc107cd000 	C:\Windows\System32\msvcp_win.dll
0x00007ffc11350000 - 0x00007ffc1137f000 	C:\Windows\System32\IMM32.DLL
0x00007ffbf5de0000 - 0x00007ffbf5dec000 	c:\Users\João Vitor\.vscode\extensions\redhat.java-1.41.0-win32-x64\jre\21.0.6-win32-x86_64\bin\vcruntime140_1.dll
0x00007ffbf0220000 - 0x00007ffbf02ad000 	c:\Users\João Vitor\.vscode\extensions\redhat.java-1.41.0-win32-x64\jre\21.0.6-win32-x86_64\bin\msvcp140.dll
0x00007ffb760c0000 - 0x00007ffb76e50000 	c:\Users\João Vitor\.vscode\extensions\redhat.java-1.41.0-win32-x64\jre\21.0.6-win32-x86_64\bin\server\jvm.dll
0x00007ffc11380000 - 0x00007ffc1142f000 	C:\Windows\System32\ADVAPI32.dll
0x00007ffc11170000 - 0x00007ffc1120f000 	C:\Windows\System32\sechost.dll
0x00007ffc126c0000 - 0x00007ffc127e3000 	C:\Windows\System32\RPCRT4.dll
0x00007ffc0ff50000 - 0x00007ffc0ff77000 	C:\Windows\System32\bcrypt.dll
0x00007ffc11e40000 - 0x00007ffc11eab000 	C:\Windows\System32\WS2_32.dll
0x00007ffc044f0000 - 0x00007ffc04517000 	C:\Windows\SYSTEM32\WINMM.dll
0x00007ffc0fdb0000 - 0x00007ffc0fdfb000 	C:\Windows\SYSTEM32\POWRPROF.dll
0x00007ffc05f40000 - 0x00007ffc05f4a000 	C:\Windows\SYSTEM32\VERSION.dll
0x00007ffc0fce0000 - 0x00007ffc0fcf2000 	C:\Windows\SYSTEM32\UMPDC.dll
0x00007ffc0dd90000 - 0x00007ffc0dda2000 	C:\Windows\SYSTEM32\kernel.appcore.dll
0x00007ffbf58c0000 - 0x00007ffbf58ca000 	c:\Users\João Vitor\.vscode\extensions\redhat.java-1.41.0-win32-x64\jre\21.0.6-win32-x86_64\bin\jimage.dll
0x00007ffbffc60000 - 0x00007ffbffe44000 	C:\Windows\SYSTEM32\DBGHELP.DLL
0x00007ffbfe0a0000 - 0x00007ffbfe0d4000 	C:\Windows\SYSTEM32\dbgcore.DLL
0x00007ffc107d0000 - 0x00007ffc10852000 	C:\Windows\System32\bcryptPrimitives.dll
0x00007ffbf5870000 - 0x00007ffbf587f000 	c:\Users\João Vitor\.vscode\extensions\redhat.java-1.41.0-win32-x64\jre\21.0.6-win32-x86_64\bin\instrument.dll
0x00007ffbf5450000 - 0x00007ffbf546f000 	c:\Users\João Vitor\.vscode\extensions\redhat.java-1.41.0-win32-x64\jre\21.0.6-win32-x86_64\bin\java.dll
0x00007ffc11690000 - 0x00007ffc11dfd000 	C:\Windows\System32\SHELL32.dll
0x00007ffc0df90000 - 0x00007ffc0e734000 	C:\Windows\SYSTEM32\windows.storage.dll
0x00007ffc12130000 - 0x00007ffc12485000 	C:\Windows\System32\combase.dll
0x00007ffc0f7d0000 - 0x00007ffc0f7fb000 	C:\Windows\SYSTEM32\Wldp.dll
0x00007ffc12060000 - 0x00007ffc1212d000 	C:\Windows\System32\OLEAUT32.dll
0x00007ffc108d0000 - 0x00007ffc1097d000 	C:\Windows\System32\SHCORE.dll
0x00007ffc110b0000 - 0x00007ffc11105000 	C:\Windows\System32\shlwapi.dll
0x00007ffc0fe80000 - 0x00007ffc0fea5000 	C:\Windows\SYSTEM32\profapi.dll
0x00007ffbf5260000 - 0x00007ffbf5278000 	c:\Users\João Vitor\.vscode\extensions\redhat.java-1.41.0-win32-x64\jre\21.0.6-win32-x86_64\bin\zip.dll
0x00007ffbf58b0000 - 0x00007ffbf58c0000 	C:\Users\João Vitor\.vscode\extensions\redhat.java-1.41.0-win32-x64\jre\21.0.6-win32-x86_64\bin\net.dll
0x00007ffc08770000 - 0x00007ffc0887a000 	C:\Windows\SYSTEM32\WINHTTP.dll
0x00007ffc0f5b0000 - 0x00007ffc0f61c000 	C:\Windows\system32\mswsock.dll
0x00007ffbf4080000 - 0x00007ffbf4096000 	C:\Users\João Vitor\.vscode\extensions\redhat.java-1.41.0-win32-x64\jre\21.0.6-win32-x86_64\bin\nio.dll
0x00007ffbf57f0000 - 0x00007ffbf5800000 	c:\Users\João Vitor\.vscode\extensions\redhat.java-1.41.0-win32-x64\jre\21.0.6-win32-x86_64\bin\verify.dll
0x00007ffbf10d0000 - 0x00007ffbf1115000 	C:\Users\João Vitor\AppData\Roaming\Code\User\globalStorage\redhat.java\1.41.0\config_win\org.eclipse.equinox.launcher\org.eclipse.equinox.launcher.win32.win32.x86_64_1.2.1300.v20250325-0811\eclipse_11911.dll
0x00007ffc11220000 - 0x00007ffc1134b000 	C:\Windows\System32\ole32.dll

dbghelp: loaded successfully - version: 4.0.5 - missing functions: none
symbol engine: initialized successfully - sym options: 0x614 - pdb path: .;c:\Users\João Vitor\.vscode\extensions\redhat.java-1.41.0-win32-x64\jre\21.0.6-win32-x86_64\bin;C:\Windows\SYSTEM32;C:\Windows\WinSxS\amd64_microsoft.windows.common-controls_6595b64144ccf1df_6.0.19041.4355_none_60b8b9eb71f62e16;c:\Users\João Vitor\.vscode\extensions\redhat.java-1.41.0-win32-x64\jre\21.0.6-win32-x86_64\bin\server;C:\Users\João Vitor\AppData\Roaming\Code\User\globalStorage\redhat.java\1.41.0\config_win\org.eclipse.equinox.launcher\org.eclipse.equinox.launcher.win32.win32.x86_64_1.2.1300.v20250325-0811

VM Arguments:
jvm_args: --add-modules=ALL-SYSTEM --add-opens=java.base/java.util=ALL-UNNAMED --add-opens=java.base/java.lang=ALL-UNNAMED --add-opens=java.base/sun.nio.fs=ALL-UNNAMED -Declipse.application=org.eclipse.jdt.ls.core.id1 -Dosgi.bundles.defaultStartLevel=4 -Declipse.product=org.eclipse.jdt.ls.core.product -Djava.import.generatesMetadataFilesAtProjectRoot=false -DDetectVMInstallationsJob.disabled=true -Dfile.encoding=utf8 -XX:+UseParallelGC -XX:GCTimeRatio=4 -XX:AdaptiveSizePolicyWeight=90 -Dsun.zip.disableMemoryMapping=true -Xmx1G -Xms100m -Xlog:disable -javaagent:c:\Users\João Vitor\.vscode\extensions\redhat.java-1.41.0-win32-x64\lombok\lombok-1.18.36.jar -XX:+HeapDumpOnOutOfMemoryError -XX:HeapDumpPath=c:\Users\João Vitor\AppData\Roaming\Code\User\workspaceStorage\e3bfc9d46755eb8be32a28ee4f6a4ca0\redhat.java -Daether.dependencyCollector.impl=bf 
java_command: c:\Users\João Vitor\.vscode\extensions\redhat.java-1.41.0-win32-x64\server\plugins\org.eclipse.equinox.launcher_1.6.1100.v20250306-0509.jar -configuration c:\Users\João Vitor\AppData\Roaming\Code\User\globalStorage\redhat.java\1.41.0\config_win -data c:\Users\João Vitor\AppData\Roaming\Code\User\workspaceStorage\e3bfc9d46755eb8be32a28ee4f6a4ca0\redhat.java\jdt_ws --pipe=\\.\pipe\lsp-01b3cfca9e2a691559a176d4526fbabf-sock
java_class_path (initial): c:\Users\João Vitor\.vscode\extensions\redhat.java-1.41.0-win32-x64\server\plugins\org.eclipse.equinox.launcher_1.6.1100.v20250306-0509.jar
Launcher Type: SUN_STANDARD

[Global flags]
    uintx AdaptiveSizePolicyWeight                 = 90                                        {product} {command line}
     intx CICompilerCount                          = 4                                         {product} {ergonomic}
    uintx GCTimeRatio                              = 4                                         {product} {command line}
     bool HeapDumpOnOutOfMemoryError               = true                                   {manageable} {command line}
    ccstr HeapDumpPath                             = c:\Users\João Vitor\AppData\Roaming\Code\User\workspaceStorage\e3bfc9d46755eb8be32a28ee4f6a4ca0\redhat.java         {manageable} {command line}
   size_t InitialHeapSize                          = 104857600                                 {product} {command line}
   size_t MaxHeapSize                              = 1073741824                                {product} {command line}
   size_t MaxNewSize                               = 357564416                                 {product} {ergonomic}
   size_t MinHeapDeltaBytes                        = 524288                                    {product} {ergonomic}
   size_t MinHeapSize                              = 104857600                                 {product} {command line}
   size_t NewSize                                  = 34603008                                  {product} {ergonomic}
    uintx NonNMethodCodeHeapSize                   = 5839372                                {pd product} {ergonomic}
    uintx NonProfiledCodeHeapSize                  = 122909434                              {pd product} {ergonomic}
   size_t OldSize                                  = 70254592                                  {product} {ergonomic}
    uintx ProfiledCodeHeapSize                     = 122909434                              {pd product} {ergonomic}
    uintx ReservedCodeCacheSize                    = 251658240                              {pd product} {ergonomic}
     bool SegmentedCodeCache                       = true                                      {product} {ergonomic}
   size_t SoftMaxHeapSize                          = 1073741824                             {manageable} {ergonomic}
     bool UseCompressedOops                        = true                           {product lp64_product} {ergonomic}
     bool UseLargePagesIndividualAllocation        = false                                  {pd product} {ergonomic}
     bool UseParallelGC                            = true                                      {product} {command line}

Logging:
Log output configuration:
 #0: stdout all=off uptime,level,tags foldmultilines=false
 #1: stderr all=off uptime,level,tags foldmultilines=false

Environment Variables:
JAVA_HOME=C:\Program Files\Java\zulu17.48.15-ca-jdk17.0.10-win_x64
PATH=C:\Program Files\Common Files\Oracle\Java\javapath;C:\Program Files\Java\zulu17.48.15-ca-jdk17.0.10-win_x64\bin;C:\ProgramData\Oracle\Java\javapath;C:\Windows\system32;C:\Windows;C:\Windows\System32\Wbem;C:\Windows\System32\WindowsPowerShell\v1.0\;C:\Windows\System32\OpenSSH\;C:\Program Files (x86)\Touch Portal\plugins\adb\platform-tools;C:\Program Files\Git\cmd;C:\Program Files\Docker\Docker\resources\bin;C:\Users\João Vitor\AppData\Local\Programs\Python\Python312\Scripts\;C:\Users\João Vitor\AppData\Local\Programs\Python\Python312\;C:\Users\João Vitor\AppData\Local\Programs\Python\Launcher\;C:\Users\João Vitor\AppData\Local\Microsoft\WindowsApps;C:\Users\João Vitor\AppData\Local\Programs\Microsoft VS Code\bin
USERNAME=João Vitor
OS=Windows_NT
PROCESSOR_IDENTIFIER=AMD64 Family 23 Model 104 Stepping 1, AuthenticAMD
TMP=C:\Users\JOOVIT~1\AppData\Local\Temp
TEMP=C:\Users\JOOVIT~1\AppData\Local\Temp




Periodic native trim disabled

---------------  S Y S T E M  ---------------

OS:
 Windows 10 , 64 bit Build 19041 (10.0.19041.5438)
OS uptime: 2 days 15:09 hours
Hyper-V role detected

CPU: total 12 (initial active 12) (12 cores per cpu, 2 threads per core) family 23 model 104 stepping 1 microcode 0x0, cx8, cmov, fxsr, ht, mmx, 3dnowpref, sse, sse2, sse3, ssse3, sse4a, sse4.1, sse4.2, popcnt, lzcnt, tsc, tscinvbit, avx, avx2, aes, clmul, bmi1, bmi2, adx, sha, fma, vzeroupper, clflush, clflushopt, hv, rdtscp, rdpid, f16c
Processor Information for the first 12 processors :
  Max Mhz: 2100, Current Mhz: 2100, Mhz Limit: 2100

Memory: 4k page, system-wide physical 5989M (183M free)
TotalPageFile size 24421M (AvailPageFile size 9M)
current process WorkingSet (physical memory assigned to process): 127M, peak: 128M
current process commit charge ("private bytes"): 239M, peak: 240M

vm_info: OpenJDK 64-Bit Server VM (21.0.6+7-LTS) for windows-amd64 JRE (21.0.6+7-LTS), built on 2025-01-21T00:00:00Z by "admin" with MS VC++ 17.7 (VS2022)

END.
